[    0.000000] Linux version 4.15.0-162-generic (buildd@lcy01-amd64-007) (gcc version 7.5.0 (Ubuntu 7.5.0-3ubuntu1~18.04)) #170-Ubuntu SMP Mon Oct 18 11:38:05 UTC 2021 (Ubuntu 4.15.0-162.170-generic 4.15.18)
[    0.000000] Command line: BOOT_IMAGE=/boot/vmlinuz-4.15.0-162-generic root=LABEL=cloudimg-rootfs ro console=tty1 console=ttyS0
[    0.000000] KERNEL supported cpus:
[    0.000000]   Intel GenuineIntel
[    0.000000]   AMD AuthenticAMD
[    0.000000]   Centaur CentaurHauls
[    0.000000] x86/fpu: Supporting XSAVE feature 0x001: 'x87 floating point registers'
[    0.000000] x86/fpu: Supporting XSAVE feature 0x002: 'SSE registers'
[    0.000000] x86/fpu: Supporting XSAVE feature 0x004: 'AVX registers'
[    0.000000] x86/fpu: xstate_offset[2]:  576, xstate_sizes[2]:  256
[    0.000000] x86/fpu: Enabled xstate features 0x7, context size is 832 bytes, using 'standard' format.
[    0.000000] e820: BIOS-provided physical RAM map:
[    0.000000] BIOS-e820: [mem 0x0000000000000000-0x000000000009fbff] usable
[    0.000000] BIOS-e820: [mem 0x000000000009fc00-0x000000000009ffff] reserved
[    0.000000] BIOS-e820: [mem 0x00000000000f0000-0x00000000000fffff] reserved
[    0.000000] BIOS-e820: [mem 0x0000000000100000-0x000000007ffeffff] usable
[    0.000000] BIOS-e820: [mem 0x000000007fff0000-0x000000007fffffff] ACPI data
[    0.000000] BIOS-e820: [mem 0x00000000fec00000-0x00000000fec00fff] reserved
[    0.000000] BIOS-e820: [mem 0x00000000fee00000-0x00000000fee00fff] reserved
[    0.000000] BIOS-e820: [mem 0x00000000fffc0000-0x00000000ffffffff] reserved
[    0.000000] NX (Execute Disable) protection: active
[    0.000000] SMBIOS 2.5 present.
[    0.000000] DMI: innotek GmbH VirtualBox/VirtualBox, BIOS VirtualBox 12/01/2006
[    0.000000] Hypervisor detected: KVM
[    0.000000] e820: last_pfn = 0x7fff0 max_arch_pfn = 0x400000000
[    0.000000] MTRR: Disabled
[    0.000000] x86/PAT: MTRRs disabled, skipping PAT initialization too.
[    0.000000] CPU MTRRs all blank - virtualized system.
[    0.000000] x86/PAT: Configuration [0-7]: WB  WT  UC- UC  WB  WT  UC- UC  
[    0.000000] found SMP MP-table at [mem 0x0009fff0-0x0009ffff]
[    0.000000] Scanning 1 areas for low memory corruption
[    0.000000] RAMDISK: [mem 0x35815000-0x36c01fff]
[    0.000000] ACPI: Early table checksum verification disabled
[    0.000000] ACPI: RSDP 0x00000000000E0000 000024 (v02 VBOX  )
[    0.000000] ACPI: XSDT 0x000000007FFF0030 00003C (v01 VBOX   VBOXXSDT 00000001 ASL  00000061)
[    0.000000] ACPI: FACP 0x000000007FFF00F0 0000F4 (v04 VBOX   VBOXFACP 00000001 ASL  00000061)
[    0.000000] ACPI: DSDT 0x000000007FFF0470 002325 (v02 VBOX   VBOXBIOS 00000002 INTL 20100528)
[    0.000000] ACPI: FACS 0x000000007FFF0200 000040
[    0.000000] ACPI: FACS 0x000000007FFF0200 000040
[    0.000000] ACPI: APIC 0x000000007FFF0240 00005C (v02 VBOX   VBOXAPIC 00000001 ASL  00000061)
[    0.000000] ACPI: SSDT 0x000000007FFF02A0 0001CC (v01 VBOX   VBOXCPUT 00000002 INTL 20100528)
[    0.000000] ACPI: Reserving FACP table memory at [mem 0x7fff00f0-0x7fff01e3]
[    0.000000] ACPI: Reserving DSDT table memory at [mem 0x7fff0470-0x7fff2794]
[    0.000000] ACPI: Reserving FACS table memory at [mem 0x7fff0200-0x7fff023f]
[    0.000000] ACPI: Reserving FACS table memory at [mem 0x7fff0200-0x7fff023f]
[    0.000000] ACPI: Reserving APIC table memory at [mem 0x7fff0240-0x7fff029b]
[    0.000000] ACPI: Reserving SSDT table memory at [mem 0x7fff02a0-0x7fff046b]
[    0.000000] No NUMA configuration found
[    0.000000] Faking a node at [mem 0x0000000000000000-0x000000007ffeffff]
[    0.000000] NODE_DATA(0) allocated [mem 0x7ffc5000-0x7ffeffff]
[    0.000000] kvm-clock: cpu 0, msr 0:7ff44001, primary cpu clock
[    0.000000] kvm-clock: Using msrs 4b564d01 and 4b564d00
[    0.000000] kvm-clock: using sched offset of 5595645521 cycles
[    0.000000] clocksource: kvm-clock: mask: 0xffffffffffffffff max_cycles: 0x1cd42e4dffb, max_idle_ns: 881590591483 ns
[    0.000000] Zone ranges:
[    0.000000]   DMA      [mem 0x0000000000001000-0x0000000000ffffff]
[    0.000000]   DMA32    [mem 0x0000000001000000-0x000000007ffeffff]
[    0.000000]   Normal   empty
[    0.000000]   Device   empty
[    0.000000] Movable zone start for each node
[    0.000000] Early memory node ranges
[    0.000000]   node   0: [mem 0x0000000000001000-0x000000000009efff]
[    0.000000]   node   0: [mem 0x0000000000100000-0x000000007ffeffff]
[    0.000000] Reserved but unavailable: 104 pages
[    0.000000] Initmem setup node 0 [mem 0x0000000000001000-0x000000007ffeffff]
[    0.000000] ACPI: PM-Timer IO Port: 0x4008
[    0.000000] IOAPIC[0]: apic_id 2, version 32, address 0xfec00000, GSI 0-23
[    0.000000] ACPI: INT_SRC_OVR (bus 0 bus_irq 0 global_irq 2 dfl dfl)
[    0.000000] ACPI: INT_SRC_OVR (bus 0 bus_irq 9 global_irq 9 low level)
[    0.000000] Using ACPI (MADT) for SMP configuration information
[    0.000000] smpboot: Allowing 2 CPUs, 0 hotplug CPUs
[    0.000000] PM: Registered nosave memory: [mem 0x00000000-0x00000fff]
[    0.000000] PM: Registered nosave memory: [mem 0x0009f000-0x0009ffff]
[    0.000000] PM: Registered nosave memory: [mem 0x000a0000-0x000effff]
[    0.000000] PM: Registered nosave memory: [mem 0x000f0000-0x000fffff]
[    0.000000] e820: [mem 0x80000000-0xfebfffff] available for PCI devices
[    0.000000] Booting paravirtualized kernel on KVM
[    0.000000] clocksource: refined-jiffies: mask: 0xffffffff max_cycles: 0xffffffff, max_idle_ns: 7645519600211568 ns
[    0.000000] random: get_random_bytes called from start_kernel+0x99/0x500 with crng_init=0
[    0.000000] setup_percpu: NR_CPUS:8192 nr_cpumask_bits:2 nr_cpu_ids:2 nr_node_ids:1
[    0.000000] percpu: Embedded 45 pages/cpu s147456 r8192 d28672 u1048576
[    0.000000] PV qspinlock hash table entries: 256 (order: 0, 4096 bytes)
[    0.000000] Built 1 zonelists, mobility grouping on.  Total pages: 515961
[    0.000000] Policy zone: DMA32
[    0.000000] Kernel command line: BOOT_IMAGE=/boot/vmlinuz-4.15.0-162-generic root=LABEL=cloudimg-rootfs ro console=tty1 console=ttyS0
[    0.000000] Memory: 2014024K/2096696K available (12300K kernel code, 2483K rwdata, 4320K rodata, 2448K init, 2724K bss, 82672K reserved, 0K cma-reserved)
[    0.000000] SLUB: HWalign=64, Order=0-3, MinObjects=0, CPUs=2, Nodes=1
[    0.000000] ftrace: allocating 39475 entries in 155 pages
[    0.004000] Hierarchical RCU implementation.
[    0.004000] 	RCU restricting CPUs from NR_CPUS=8192 to nr_cpu_ids=2.
[    0.004000] 	Tasks RCU enabled.
[    0.004000] RCU: Adjusting geometry for rcu_fanout_leaf=16, nr_cpu_ids=2
[    0.004000] NR_IRQS: 524544, nr_irqs: 440, preallocated irqs: 16
[    0.004000] Console: colour VGA+ 80x25
[    0.004000] console [tty1] enabled
[    0.004000] console [ttyS0] enabled
[    0.004000] ACPI: Core revision 20170831
[    0.004000] ACPI: 2 ACPI AML tables successfully acquired and loaded
[    0.004000] APIC: Switch to symmetric I/O mode setup
[    0.004000] x2apic enabled
[    0.004000] Switched APIC routing to physical x2apic.
[    0.004000] ..TIMER: vector=0x30 apic1=0 pin1=2 apic2=-1 pin2=-1
[    0.004000] tsc: Detected 2904.006 MHz processor
[    0.004000] Calibrating delay loop (skipped) preset value.. 5808.01 BogoMIPS (lpj=11616024)
[    0.004003] pid_max: default: 32768 minimum: 301
[    0.004617] Security Framework initialized
[    0.005112] Yama: becoming mindful.
[    0.005558] AppArmor: AppArmor initialized
[    0.008056] Dentry cache hash table entries: 262144 (order: 9, 2097152 bytes)
[    0.010220] Inode-cache hash table entries: 131072 (order: 8, 1048576 bytes)
[    0.011178] Mount-cache hash table entries: 4096 (order: 3, 32768 bytes)
[    0.012004] Mountpoint-cache hash table entries: 4096 (order: 3, 32768 bytes)
[    0.012997] Last level iTLB entries: 4KB 64, 2MB 8, 4MB 8
[    0.013624] Last level dTLB entries: 4KB 64, 2MB 0, 4MB 0, 1GB 4
[    0.014360] Spectre V1 : Mitigation: usercopy/swapgs barriers and __user pointer sanitization
[    0.015336] Spectre V2 : Mitigation: Full generic retpoline
[    0.016001] Spectre V2 : Spectre v2 / SpectreRSB mitigation: Filling RSB on context switch
[    0.017030] Speculative Store Bypass: Vulnerable
[    0.017829] Freeing SMP alternatives memory: 36K
[    0.127933] smpboot: CPU0: Intel(R) Core(TM) i7-10700 CPU @ 2.90GHz (family: 0x6, model: 0xa5, stepping: 0x5)
[    0.128000] Performance Events: unsupported p6 CPU model 165 no PMU driver, software events only.
[    0.128000] Hierarchical SRCU implementation.
[    0.128000] NMI watchdog: Perf event create on CPU 0 failed with -2
[    0.128001] NMI watchdog: Perf NMI watchdog permanently disabled
[    0.128727] smp: Bringing up secondary CPUs ...
[    0.129326] x86: Booting SMP configuration:
[    0.129838] .... node  #0, CPUs:      #1
[    0.004000] kvm-clock: cpu 1, msr 0:7ff44041, secondary cpu clock
[    0.132014] smp: Brought up 1 node, 2 CPUs
[    0.132508] smpboot: Max logical packages: 1
[    0.133026] smpboot: Total of 2 processors activated (11616.02 BogoMIPS)
[    0.136037] devtmpfs: initialized
[    0.136492] x86/mm: Memory block size: 128MB
[    0.137140] evm: security.selinux
[    0.137658] evm: security.SMACK64
[    0.138085] evm: security.SMACK64EXEC
[    0.138541] evm: security.SMACK64TRANSMUTE
[    0.139035] evm: security.SMACK64MMAP
[    0.139536] evm: security.apparmor
[    0.139959] evm: security.ima
[    0.140002] evm: security.capability
[    0.140469] clocksource: jiffies: mask: 0xffffffff max_cycles: 0xffffffff, max_idle_ns: 7645041785100000 ns
[    0.141192] futex hash table entries: 512 (order: 3, 32768 bytes)
[    0.141923] pinctrl core: initialized pinctrl subsystem
[    0.142800] RTC time: 15:09:57, date: 11/19/21
[    0.144118] NET: Registered protocol family 16
[    0.144712] audit: initializing netlink subsys (disabled)
[    0.145363] audit: type=2000 audit(1637334605.296:1): state=initialized audit_enabled=0 res=1
[    0.145363] cpuidle: using governor ladder
[    0.145363] cpuidle: using governor menu
[    0.148028] ACPI: bus type PCI registered
[    0.148523] acpiphp: ACPI Hot Plug PCI Controller Driver version: 0.5
[    0.149333] PCI: Using configuration type 1 for base access
[    0.150020] HugeTLB registered 2.00 MiB page size, pre-allocated 0 pages
[    0.152041] ACPI: Added _OSI(Module Device)
[    0.152561] ACPI: Added _OSI(Processor Device)
[    0.153137] ACPI: Added _OSI(3.0 _SCP Extensions)
[    0.153706] ACPI: Added _OSI(Processor Aggregator Device)
[    0.154347] ACPI: Added _OSI(Linux-Dell-Video)
[    0.156002] ACPI: Added _OSI(Linux-Lenovo-NV-HDMI-Audio)
[    0.156675] ACPI: Added _OSI(Linux-HPI-Hybrid-Graphics)
[    0.157480] ACPI: Executed 1 blocks of module-level executable AML code
[    0.160867] ACPI: Interpreter enabled
[    0.161373] ACPI: (supports S0 S5)
[    0.161800] ACPI: Using IOAPIC for interrupt routing
[    0.162547] PCI: Using host bridge windows from ACPI; if necessary, use "pci=nocrs" and report a bug
[    0.163763] ACPI: Enabled 2 GPEs in block 00 to 07
[    0.168148] ACPI: PCI Root Bridge [PCI0] (domain 0000 [bus 00-ff])
[    0.168913] acpi PNP0A03:00: _OSC: OS supports [ASPM ClockPM Segments MSI]
[    0.170014] acpi PNP0A03:00: _OSC: not requesting OS control; OS requires [ExtendedConfig ASPM ClockPM MSI]
[    0.171195] acpi PNP0A03:00: fail to add MMCONFIG information, can't access extended PCI configuration space under this bridge.
[    0.172256] PCI host bridge to bus 0000:00
[    0.172757] pci_bus 0000:00: root bus resource [io  0x0000-0x0cf7 window]
[    0.173548] pci_bus 0000:00: root bus resource [io  0x0d00-0xffff window]
[    0.174334] pci_bus 0000:00: root bus resource [mem 0x000a0000-0x000bffff window]
[    0.175273] pci_bus 0000:00: root bus resource [mem 0x80000000-0xfdffffff window]
[    0.176002] pci_bus 0000:00: root bus resource [bus 00-ff]
[    0.178332] pci 0000:00:01.1: legacy IDE quirk: reg 0x10: [io  0x01f0-0x01f7]
[    0.179220] pci 0000:00:01.1: legacy IDE quirk: reg 0x14: [io  0x03f6]
[    0.180002] pci 0000:00:01.1: legacy IDE quirk: reg 0x18: [io  0x0170-0x0177]
[    0.180870] pci 0000:00:01.1: legacy IDE quirk: reg 0x1c: [io  0x0376]
[    0.194408] pci 0000:00:07.0: quirk: [io  0x4000-0x403f] claimed by PIIX4 ACPI
[    0.195301] pci 0000:00:07.0: quirk: [io  0x4100-0x410f] claimed by PIIX4 SMB
[    0.203345] ACPI: PCI Interrupt Link [LNKA] (IRQs 5 9 10 *11)
[    0.204208] ACPI: PCI Interrupt Link [LNKB] (IRQs 5 9 *10 11)
[    0.204961] ACPI: PCI Interrupt Link [LNKC] (IRQs 5 *9 10 11)
[    0.205779] ACPI: PCI Interrupt Link [LNKD] (IRQs 5 9 10 *11)
[    0.206708] SCSI subsystem initialized
[    0.207280] pci 0000:00:02.0: vgaarb: setting as boot VGA device
[    0.207280] pci 0000:00:02.0: vgaarb: VGA device added: decodes=io+mem,owns=io+mem,locks=none
[    0.208018] pci 0000:00:02.0: vgaarb: bridge control possible
[    0.208742] vgaarb: loaded
[    0.209137] ACPI: bus type USB registered
[    0.209642] usbcore: registered new interface driver usbfs
[    0.210342] usbcore: registered new interface driver hub
[    0.212012] usbcore: registered new device driver usb
[    0.212643] EDAC MC: Ver: 3.0.0
[    0.212643] PCI: Using ACPI for IRQ routing
[    0.212832] NetLabel: Initializing
[    0.213309] NetLabel:  domain hash size = 128
[    0.213937] NetLabel:  protocols = UNLABELED CIPSOv4 CALIPSO
[    0.216021] NetLabel:  unlabeled traffic allowed by default
[    0.216697] clocksource: Switched to clocksource kvm-clock
[    0.227198] VFS: Disk quotas dquot_6.6.0
[    0.227704] VFS: Dquot-cache hash table entries: 512 (order 0, 4096 bytes)
[    0.228585] AppArmor: AppArmor Filesystem Enabled
[    0.229168] pnp: PnP ACPI init
[    0.230322] pnp: PnP ACPI: found 3 devices
[    0.238458] clocksource: acpi_pm: mask: 0xffffff max_cycles: 0xffffff, max_idle_ns: 2085701024 ns
[    0.239546] NET: Registered protocol family 2
[    0.240037] IP idents hash table entries: 32768 (order: 6, 262144 bytes)
[    0.241124] TCP established hash table entries: 16384 (order: 5, 131072 bytes)
[    0.242010] TCP bind hash table entries: 16384 (order: 6, 262144 bytes)
[    0.244209] TCP: Hash tables configured (established 16384 bind 16384)
[    0.245010] UDP hash table entries: 1024 (order: 3, 32768 bytes)
[    0.245804] UDP-Lite hash table entries: 1024 (order: 3, 32768 bytes)
[    0.246781] NET: Registered protocol family 1
[    0.247328] pci 0000:00:00.0: Limiting direct PCI/PCI transfers
[    0.248055] pci 0000:00:01.0: Activating ISA DMA hang workarounds
[    0.248796] pci 0000:00:02.0: Video device with shadowed ROM at [mem 0x000c0000-0x000dffff]
[    0.249841] Unpacking initramfs...
[    0.489227] Freeing initrd memory: 20404K
[    0.490073] clocksource: tsc: mask: 0xffffffffffffffff max_cycles: 0x29dc0b74fd3, max_idle_ns: 440795242287 ns
[    0.491555] platform rtc_cmos: registered platform RTC device (no PNP device found)
[    0.492509] Scanning for low memory corruption every 60 seconds
[    0.493829] Initialise system trusted keyrings
[    0.494468] Key type blacklist registered
[    0.495021] workingset: timestamp_bits=36 max_order=19 bucket_order=0
[    0.496600] zbud: loaded
[    0.497476] squashfs: version 4.0 (2009/01/31) Phillip Lougher
[    0.498391] fuse init (API version 7.26)
[    0.500667] Key type asymmetric registered
[    0.501171] Asymmetric key parser 'x509' registered
[    0.501852] Block layer SCSI generic (bsg) driver version 0.4 loaded (major 246)
[    0.504061] io scheduler noop registered
[    0.504550] io scheduler deadline registered
[    0.505091] io scheduler cfq registered (default)
[    0.505855] ACPI: AC Adapter [AC] (on-line)
[    0.506393] input: Power Button as /devices/LNXSYSTM:00/LNXPWRBN:00/input/input0
[    0.507429] ACPI: Power Button [PWRF]
[    0.507933] input: Sleep Button as /devices/LNXSYSTM:00/LNXSLPBN:00/input/input1
[    0.508885] ACPI: Sleep Button [SLPF]
[    0.509572] Serial: 8250/16550 driver, 32 ports, IRQ sharing enabled
[    0.530799] 00:02: ttyS0 at I/O 0x3f8 (irq = 4, base_baud = 115200) is a 16550A
[    0.534367] Linux agpgart interface v0.103
[    0.535753] loop: module loaded
[    0.536508] scsi host0: ata_piix
[    0.536994] scsi host1: ata_piix
[    0.537422] ata1: PATA max UDMA/33 cmd 0x1f0 ctl 0x3f6 bmdma 0xd000 irq 14
[    0.538216] ata2: PATA max UDMA/33 cmd 0x170 ctl 0x376 bmdma 0xd008 irq 15
[    0.539070] libphy: Fixed MDIO Bus: probed
[    0.539585] tun: Universal TUN/TAP device driver, 1.6
[    0.540256] PPP generic driver version 2.4.2
[    0.540813] ehci_hcd: USB 2.0 'Enhanced' Host Controller (EHCI) Driver
[    0.541609] ehci-pci: EHCI PCI platform driver
[    0.542189] ehci-platform: EHCI generic platform driver
[    0.542815] ohci_hcd: USB 1.1 'Open' Host Controller (OHCI) Driver
[    0.543536] ohci-pci: OHCI PCI platform driver
[    0.544084] ohci-platform: OHCI generic platform driver
[    0.544747] uhci_hcd: USB Universal Host Controller Interface driver
[    0.545518] i8042: PNP: PS/2 Controller [PNP0303:PS2K,PNP0f03:PS2M] at 0x60,0x64 irq 1,12
[    0.546966] serio: i8042 KBD port at 0x60,0x64 irq 1
[    0.547576] serio: i8042 AUX port at 0x60,0x64 irq 12
[    0.548423] mousedev: PS/2 mouse device common for all mice
[    0.549459] input: AT Translated Set 2 keyboard as /devices/platform/i8042/serio0/input/input2
[    0.550572] rtc_cmos rtc_cmos: rtc core: registered rtc_cmos as rtc0
[    0.551464] rtc_cmos rtc_cmos: alarms up to one day, 114 bytes nvram
[    0.552226] i2c /dev entries driver
[    0.552695] device-mapper: uevent: version 1.0.3
[    0.553309] device-mapper: ioctl: 4.37.0-ioctl (2017-09-20) initialised: dm-devel@redhat.com
[    0.554322] ledtrig-cpu: registered to indicate activity on CPUs
[    0.555323] NET: Registered protocol family 10
[    0.558155] Segment Routing with IPv6
[    0.558622] NET: Registered protocol family 17
[    0.559195] Key type dns_resolver registered
[    0.559865] mce: Using 0 MCE banks
[    0.560322] RAS: Correctable Errors collector initialized.
[    0.561020] sched_clock: Marking stable (560312127, 0)->(692176611, -131864484)
[    0.562144] registered taskstats version 1
[    0.562702] Loading compiled-in X.509 certificates
[    0.564838] Loaded X.509 cert 'Build time autogenerated kernel key: ebed311aedd59d9a851620769f4a146e4e1d43c6'
[    0.566346] Loaded X.509 cert 'Canonical Ltd. Live Patch Signing: 14df34d1a87cf37625abec039ef2bf521249b969'
[    0.567827] Loaded X.509 cert 'Canonical Ltd. Kernel Module Signing: 88f752e560a1e0737e31163a466ad7b70a850c19'
[    0.569445] zswap: loaded using pool lzo/zbud
[    0.572181] Key type big_key registered
[    0.572656] Key type trusted registered
[    0.574253] Key type encrypted registered
[    0.574747] AppArmor: AppArmor sha1 policy hashing enabled
[    0.575401] ima: No TPM chip found, activating TPM-bypass! (rc=-19)
[    0.576192] ima: Allocated hash algorithm: sha1
[    0.576808] evm: HMAC attrs: 0x1
[    0.577401]   Magic number: 13:665:184
[    0.577958] rtc_cmos rtc_cmos: setting system clock to 2021-11-19 15:09:58 UTC (1637334598)
[    0.579076] BIOS EDD facility v0.16 2004-Jun-25, 0 devices found
[    0.579773] EDD information not available.
[    0.760735] Freeing unused kernel image memory: 2448K
[    1.263243] Write protecting the kernel read-only data: 20480k
[    1.264812] Freeing unused kernel image memory: 2008K
[    1.265835] Freeing unused kernel image memory: 1824K
[    1.272348] x86/mm: Checked W+X mappings: passed, no W+X pages found.
Loading, please wait...
starting version 237
[    1.315503] Fusion MPT base driver 3.04.20
[    1.316428] Copyright (c) 1999-2008 LSI Corporation
[    1.316468] e1000: Intel(R) PRO/1000 Network Driver - version 7.3.21-k8-NAPI
[    1.318255] e1000: Copyright (c) 1999-2006 Intel Corporation.
[    1.321303] Fusion MPT SPI Host driver 3.04.20
[    1.322258] vboxvideo: loading out-of-tree module taints kernel.
[    1.323088] vboxvideo: module verification failed: signature and/or required key missing - tainting kernel
[    1.324909] vboxvideo: loading version 6.1.28 r147628
[    1.333240] AVX2 version of gcm_enc/dec engaged.
[    1.333820] AES CTR mode by8 optimization enabled
[    1.529068] input: ImExPS/2 Generic Explorer Mouse as /devices/platform/i8042/serio1/input/input4
[    1.674440] e1000 0000:00:03.0 eth0: (PCI:33MHz:32-bit) 02:75:2e:1a:60:96
[    1.675562] e1000 0000:00:03.0 eth0: Intel(R) PRO/1000 Network Connection
[    2.026925] e1000 0000:00:08.0 eth1: (PCI:33MHz:32-bit) 08:00:27:f6:24:43
[    2.028258] e1000 0000:00:08.0 eth1: Intel(R) PRO/1000 Network Connection
[    2.030269] e1000 0000:00:03.0 enp0s3: renamed from eth0
[    2.036107] mptbase: ioc0: Initiating bringup
[    2.048914] e1000 0000:00:08.0 enp0s8: renamed from eth1
[    2.136951] ioc0: LSI53C1030 A0: Capabilities={Initiator}
[    2.378271] scsi host2: ioc0: LSI53C1030 A0, FwRev=00000000h, Ports=1, MaxQ=256, IRQ=20
[    2.545304] [drm] VRAM 01000000
[    2.545852] scsi 2:0:0:0: Direct-Access     VBOX     HARDDISK         1.0  PQ: 0 ANSI: 5
[    2.547294] [TTM] Zone  kernel: Available graphics memory: 1020372 kiB
[    2.548223] [TTM] Initializing pool allocator
[    2.548819] [TTM] Initializing DMA pool allocator
[    2.550592] fbcon: vboxdrmfb (fb0) is primary device
[    2.551811] Console: switching to colour frame buffer device 100x37
[    2.553513] vboxvideo 0000:00:02.0: fb0: vboxdrmfb frame buffer device
[    2.572970] [drm] Initialized vboxvideo 1.0.0 20130823 for 0000:00:02.0 on minor 0
[    2.580742] scsi target2:0:0: Beginning Domain Validation
[    2.582660] scsi target2:0:0: Domain Validation skipping write tests
[    2.583552] scsi target2:0:0: Ending Domain Validation
[    2.584164] scsi target2:0:0: asynchronous
[    2.584830] scsi 2:0:1:0: Direct-Access     VBOX     HARDDISK         1.0  PQ: 0 ANSI: 5
[    2.616852] scsi target2:0:1: Beginning Domain Validation
[    2.618826] random: fast init done
[    2.618832] scsi target2:0:1: Domain Validation skipping write tests
[    2.620227] scsi target2:0:1: Ending Domain Validation
[    2.620994] scsi target2:0:1: asynchronous
[    2.624413] random: systemd-udevd: uninitialized urandom read (16 bytes read)
[    2.624524] sd 2:0:0:0: [sda] 83886080 512-byte logical blocks: (42.9 GB/40.0 GiB)
[    2.625215] random: systemd-udevd: uninitialized urandom read (16 bytes read)
[    2.626072] sd 2:0:0:0: [sda] Write Protect is off
[    2.626849] random: systemd-udevd: uninitialized urandom read (16 bytes read)
[    2.628365] sd 2:0:0:0: [sda] Incomplete mode parameter data
[    2.629069] sd 2:0:0:0: [sda] Assuming drive cache: write through
[    2.629921] sd 2:0:0:0: Attached scsi generic sg0 type 0
[    2.631102] sd 2:0:1:0: Attached scsi generic sg1 type 0
[    2.631997] sd 2:0:1:0: [sdb] 20480 512-byte logical blocks: (10.5 MB/10.0 MiB)
[    2.633005] sd 2:0:1:0: [sdb] Write Protect is off
[    2.633788] sd 2:0:1:0: [sdb] Incomplete mode parameter data
[    2.634536] sd 2:0:1:0: [sdb] Assuming drive cache: write through
[    2.639868]  sda: sda1
[    2.640676] sd 2:0:0:0: [sda] Attached SCSI disk
[    2.667626] sd 2:0:1:0: [sdb] Attached SCSI disk
Begin: Loading essential drivers ... [    2.852064] raid6: sse2x1   gen() 15862 MB/s
[    2.900051] raid6: sse2x1   xor()  9280 MB/s
[    2.948068] raid6: sse2x2   gen() 19760 MB/s
[    2.996048] raid6: sse2x2   xor() 12678 MB/s
[    3.044070] raid6: sse2x4   gen() 16465 MB/s
[    3.092048] raid6: sse2x4   xor() 12739 MB/s
[    3.140069] raid6: avx2x1   gen() 31812 MB/s
[    3.188049] raid6: avx2x1   xor() 18425 MB/s
[    3.236041] raid6: avx2x2   gen() 35645 MB/s
[    3.284038] raid6: avx2x2   xor() 24348 MB/s
[    3.332065] raid6: avx2x4   gen() 40617 MB/s
[    3.380065] raid6: avx2x4   xor() 24681 MB/s
[    3.380870] raid6: using algorithm avx2x4 gen() 40617 MB/s
[    3.381823] raid6: .... xor() 24681 MB/s, rmw enabled
[    3.382514] raid6: using avx2x2 recovery algorithm
[    3.383912] xor: automatically using best checksumming function   avx       
[    3.385487] async_tx: api initialized (async)
done.
Begin: Running /scripts/init-premount ... done.
Begin: Mounting root file system ... Begin: Running /scripts/local-top ... done.
Begin: Running /scripts/local-premount ... [    3.414177] Btrfs loaded, crc32c=crc32c-intel
Scanning for Btrfs filesystems
done.
Begin: Will now check root file system ... fsck from util-linux 2.31.1
[/sbin/fsck.ext4 (1) -- /dev/sda1] fsck.ext4 -a -C0 /dev/sda1 
cloudimg-rootfs: clean, 121834/5120000 files, 1352187/10485499 blocks
done.
[    3.469302] EXT4-fs (sda1): mounted filesystem with ordered data mode. Opts: (null)
done.
Begin: Running /scripts/local-bottom ... done.
Begin: Running /scripts/init-bottom ... done.
[    4.449885] ip_tables: (C) 2000-2006 Netfilter Core Team
[    4.541608] systemd[1]: systemd 237 running in system mode. (+PAM +AUDIT +SELINUX +IMA +APPARMOR +SMACK +SYSVINIT +UTMP +LIBCRYPTSETUP +GCRYPT +GNUTLS +ACL +XZ +LZ4 +SECCOMP +BLKID +ELFUTILS +KMOD -IDN2 +IDN -PCRE2 default-hierarchy=hybrid)
[    4.544701] systemd[1]: Detected virtualization oracle.
[    4.545421] systemd[1]: Detected architecture x86-64.

Welcome to [1mUbuntu 18.04.6 LTS[0m!

[    4.593508] systemd[1]: Set hostname to <docker>.
[    5.026606] random: crng init done
[    5.027196] random: 7 urandom warning(s) missed due to ratelimiting
[    6.361794] systemd[1]: Reached target User and Group Name Lookups.
[[0;32m  OK  [0m] Reached target User and Group Name Lookups.
[    6.363187] systemd[1]: Started Forward Password Requests to Wall Directory Watch.
[[0;32m  OK  [0m] Started Forward Password Requests to Wall Directory Watch.
[    6.365585] systemd[1]: Created slice User and Session Slice.
[[0;32m  OK  [0m] Created slice User and Session Slice.
[    6.366777] systemd[1]: Reached target Swap.
[[0;32m  OK  [0m] Reached target Swap.
[    6.367790] systemd[1]: Reached target System Time Synchronized.
[[0;32m  OK  [0m] Reached target System Time Synchronized.
[    6.369187] systemd[1]: Created slice System Slice.
[[0;32m  OK  [0m] Created slice System Slice.
[[0;32m  OK  [0m] Listening on Journal Audit Socket.
[[0;32m  OK  [0m] Listening on udev Control Socket.
[[0;32m  OK  [0m] Listening on Journal Socket (/dev/log).
[[0;32m  OK  [0m] Listening on /dev/initctl Compatibility Named Pipe.
[[0;32m  OK  [0m] Listening on Device-mapper event daemon FIFOs.
[[0;32m  OK  [0m] Listening on fsck to fsckd communication Socket.
[[0;32m  OK  [0m] Listening on Syslog Socket.
[[0;32m  OK  [0m] Listening on LVM2 poll daemon socket.
[[0;32m  OK  [0m] Listening on LVM2 metadata daemon socket.
[[0;32m  OK  [0m] Reached target Slices.
[[0;32m  OK  [0m] Created slice system-serial\x2dgetty.slice.
[[0;32m  OK  [0m] Listening on Journal Socket.
         Starting Load Kernel Modules...
         Starting Uncomplicated firewall...
         Starting Journal Service...
         Mounting POSIX Message Queue File System...
         Starting Create list of required st…ce nodes for the current kernel...
         Mounting Huge Pages File System...
         Starting Set the console keyboard layout...
         Mounting Kernel Debug File System...
         Starting Monitoring of LVM2 mirrors…ng dmeventd or progress polling...
[[0;32m  OK  [0m] Listening on udev Kernel Socket.
         Starting udev Coldplug all Devices...
         Starting Remount Root and Kernel File Systems...
[[0;32m  OK  [0m] Listening on Network Service Netlink Socket.
[[0;32m  OK  [0m] Set up automount Arbitrary Executab…rmats File System Automount Point.
[[0;32m  OK  [0m] Started Journal Service.
[[0;32m  OK  [0m] Started Uncomplicated firewall.
[[0;32m  OK  [0m] Started Create list of required sta…vice nodes for the current kernel.
         Starting Create Static Device Nodes in /dev...
[[0;32m  OK  [0m] Started udev Coldplug all Devices.
[    6.754286] Loading iSCSI transport class v2.0-870.
[[0;32m  OK  [0m] Mounted POSIX Message Queue File System.
[[0;32m  OK  [0m] Mounted Huge Pages File System.
[[0;32m  OK  [0m] Mounted Kernel Debug File System.
[    6.889860] iscsi: registered transport (tcp)
[    6.923215] iscsi: registered transport (iser)
[    6.924678] EXT4-fs (sda1): re-mounted. Opts: (null)
[[0;32m  OK  [0m] Started Load Kernel Modules.
         Mounting FUSE Control File System...
         Starting Apply Kernel Variables...
         Mounting Kernel Configuration File System...
[[0;32m  OK  [0m] Started Remount Root and Kernel File Systems.
[[0;32m  OK  [0m] Mounted FUSE Control File System.
[[0;32m  OK  [0m] Mounted Kernel Configuration File System.
         Starting Load/Save Random Seed...
         Starting Flush Journal to Persistent Storage...
[[0;32m  OK  [0m] Started Create Static Device Nodes in /dev.
[[0;32m  OK  [0m] Started Load/Save Random Seed.
[[0;32m  OK  [0m] Started LVM2 metadata daemon.
         Starting udev Kernel Device Manager...
[[0;32m  OK  [0m] Started Apply Kernel Variables.
[[0;32m  OK  [0m] Started Set the console keyboard layout.
[[0;32m  OK  [0m] Started Monitoring of LVM2 mirrors,…sing dmeventd or progress polling.
[[0;32m  OK  [0m] Reached target Local File Systems (Pre).
[[0;32m  OK  [0m] Reached target Local File Systems.
         Starting AppArmor initialization...
         Starting Set console font and keymap...
         Starting Tell Plymouth To Write Out Runtime Data...
         Starting ebtables ruleset management...
[[0;32m  OK  [0m] Started udev Kernel Device Manager.
[[0;32m  OK  [0m] Started Dispatch Password Requests to Console Directory Watch.
[[0;32m  OK  [0m] Reached target Local Encrypted Volumes.
[[0;32m  OK  [0m] Started Tell Plymouth To Write Out Runtime Data.
[[0;32m  OK  [0m] Started Set console font and keymap.
[[0;32m  OK  [0m] Found device /dev/ttyS0.
[[0;32m  OK  [0m] Listening on Load/Save RF Kill Switch Status /dev/rfkill Watch.
[[0;32m  OK  [0m] Started ebtables ruleset management.
[[0;32m  OK  [0m] Started Flush Journal to Persistent Storage.
         Starting Create Volatile Files and Directories...
[[0;32m  OK  [0m] Started Create Volatile Files and Directories.
         Starting Update UTMP about System Boot/Shutdown...
[[0;32m  OK  [0m] Started Update UTMP about System Boot/Shutdown.
[[0;32m  OK  [0m] Started AppArmor initialization.
         Starting Load AppArmor profiles managed internally by snapd...
         Starting Initial cloud-init job (pre-networking)...
[[0;32m  OK  [0m] Started Load AppArmor profiles managed internally by snapd.
[   14.386177] cloud-init[633]: Cloud-init v. 21.3-1-g6803368d-0ubuntu1~18.04.4 running 'init-local' at Fri, 19 Nov 2021 15:10:11 +0000. Up 13.79 seconds.
[[0;32m  OK  [0m] Started Initial cloud-init job (pre-networking).
[[0;32m  OK  [0m] Reached target Network (Pre).
         Starting Network Service...
[[0;32m  OK  [0m] Started Network Service.
         Starting Network Name Resolution...
         Starting Wait for Network to be Configured...
[[0;32m  OK  [0m] Started Network Name Resolution.
[[0;32m  OK  [0m] Reached target Network.
[[0;32m  OK  [0m] Reached target Host and Network Name Lookups.
[[0;32m  OK  [0m] Started Wait for Network to be Configured.
         Starting Initial cloud-init job (metadata service crawler)...
[   16.968541] cloud-init[759]: Cloud-init v. 21.3-1-g6803368d-0ubuntu1~18.04.4 running 'init' at Fri, 19 Nov 2021 15:10:14 +0000. Up 16.88 seconds.
[   16.969637] cloud-init[759]: ci-info: ++++++++++++++++++++++++++++++++++++++Net device info+++++++++++++++++++++++++++++++++++++++
[   16.970604] cloud-init[759]: ci-info: +--------+------+-----------------------------+---------------+--------+-------------------+
[   16.971618] cloud-init[759]: ci-info: | Device |  Up  |           Address           |      Mask     | Scope  |     Hw-Address    |
[   16.972765] cloud-init[759]: ci-info: +--------+------+-----------------------------+---------------+--------+-------------------+
[   16.973813] cloud-init[759]: ci-info: | enp0s3 | True |          10.0.2.15          | 255.255.255.0 | global | 02:75:2e:1a:60:96 |
[   16.974828] cloud-init[759]: ci-info: | enp0s3 | True |  fe80::75:2eff:fe1a:6096/64 |       .       |  link  | 02:75:2e:1a:60:96 |
[   16.975825] cloud-init[759]: ci-info: | enp0s8 | True |        172.17.177.120       | 255.255.255.0 | global | 08:00:27:f6:24:43 |
[   16.976806] cloud-init[759]: ci-info: | enp0s8 | True | fe80::a00:27ff:fef6:2443/64 |       .       |  link  | 08:00:27:f6:24:43 |
[   16.977801] cloud-init[759]: ci-info: |   lo   | True |          127.0.0.1          |   255.0.0.0   |  host  |         .         |
[   16.978796] cloud-init[759]: ci-info: |   lo   | True |           ::1/128           |       .       |  host  |         .         |
[   16.979899] cloud-init[759]: ci-info: +--------+------+-----------------------------+---------------+--------+-------------------+
[   16.980929] cloud-init[759]: ci-info: +++++++++++++++++++++++++++++Route IPv4 info+++++++++++++++++++++++++++++
[   16.981912] cloud-init[759]: ci-info: +-------+--------------+----------+-----------------+-----------+-------+
[   16.982998] cloud-init[759]: ci-info: | Route | Destination  | Gateway  |     Genmask     | Interface | Flags |
[   16.983834] cloud-init[759]: ci-info: +-------+--------------+----------+-----------------+-----------+-------+
[   16.984672] cloud-init[759]: ci-info: |   0   |   0.0.0.0    | 10.0.2.2 |     0.0.0.0     |   enp0s3  |   UG  |
[   16.985611] cloud-init[759]: ci-info: |   1   |   10.0.2.0   | 0.0.0.0  |  255.255.255.0  |   enp0s3  |   U   |
[   16.986470] cloud-init[759]: ci-info: |   2   |   10.0.2.2   | 0.0.0.0  | 255.255.255.255 |   enp0s3  |   UH  |
[   16.987235] cloud-init[759]: ci-info: |   3   | 172.17.177.0 | 0.0.0.0  |  255.255.255.0  |   enp0s8  |   U   |
[   16.988091] cloud-init[759]: ci-info: +-------+--------------+----------+-----------------+-----------+-------+
[   16.988875] cloud-init[759]: ci-info: +++++++++++++++++++Route IPv6 info+++++++++++++++++++
[   16.989559] cloud-init[759]: ci-info: +-------+-------------+---------+-----------+-------+
[   16.990216] cloud-init[759]: ci-info: | Route | Destination | Gateway | Interface | Flags |
[   16.990927] cloud-init[759]: ci-info: +-------+-------------+---------+-----------+-------+
[   16.991644] cloud-init[759]: ci-info: |   1   |  fe80::/64  |    ::   |   enp0s3  |   U   |
[   16.992361] cloud-init[759]: ci-info: |   2   |  fe80::/64  |    ::   |   enp0s8  |   U   |
[   16.993040] cloud-init[759]: ci-info: |   4   |    local    |    ::   |   enp0s3  |   U   |
[   16.993692] cloud-init[759]: ci-info: |   5   |    local    |    ::   |   enp0s8  |   U   |
[   17.004736] cloud-init[759]: ci-info: |   6   |   ff00::/8  |    ::   |   enp0s3  |   U   |
[   17.005417] cloud-init[759]: ci-info: |   7   |   ff00::/8  |    ::   |   enp0s8  |   U   |
[   17.006078] cloud-init[759]: ci-info: +-------+-------------+---------+-----------+-------+
[[0;32m  OK  [0m] Started Initial cloud-init job (metadata service crawler).
[[0;32m  OK  [0m] Reached target Cloud-config availability.
[[0;32m  OK  [0m] Reached target System Initialization.
[[0;32m  OK  [0m] Started Discard unused blocks once a week.
         Starting Socket activation for snappy daemon.
[[0;32m  OK  [0m] Listening on Open-iSCSI iscsid Socket.
[[0;32m  OK  [0m] Started Daily apt download activities.
[[0;32m  OK  [0m] Started Daily apt upgrade and clean activities.
[[0;32m  OK  [0m] Started Ubuntu Advantage Timer for running repeated jobs.
[[0;32m  OK  [0m] Started Message of the Day.
         Starting Docker Socket for the API.
[[0;32m  OK  [0m] Started Daily Cleanup of Temporary Directories.
[[0;32m  OK  [0m] Started Trigger to poll for Ubuntu …(Only enabled on GCP LTS non-pro).
[[0;32m  OK  [0m] Listening on D-Bus System Message Bus Socket.
[[0;32m  OK  [0m] Listening on ACPID Listen Socket.
[[0;32m  OK  [0m] Reached target Timers.
[[0;32m  OK  [0m] Started ACPI Events Check.
[[0;32m  OK  [0m] Listening on cloud-init hotplug hook socket.
[[0;32m  OK  [0m] Reached target Paths.
[[0;32m  OK  [0m] Listening on UUID daemon activation socket.
         Starting LXD - unix socket.
[[0;32m  OK  [0m] Reached target Network is Online.
[[0;32m  OK  [0m] Reached target Remote File Systems (Pre).
         Starting Availability of block devices...
         Mounting /vagrant...
[[0;32m  OK  [0m] Listening on Socket activation for snappy daemon.
[[0;32m  OK  [0m] Listening on Docker Socket for the API.
[[0;32m  OK  [0m] Listening on LXD - unix socket.
[[0;32m  OK  [0m] Started Availability of block devices.
[[0;32m  OK  [0m] Reached target Sockets.
[[0;32m  OK  [0m] Reached target Basic System.
         Starting Dispatcher daemon for systemd-networkd...
[[0;32m  OK  [0m] Started Regular background program processing daemon.
         Starting System Logging Service...
[[0;32m  OK  [0m] Started Deferred execution scheduler.
[[0;32m  OK  [0m] Started D-Bus System Message Bus.
         Starting Message of the Day...
         Starting containerd container runtime...
[[0;32m  OK  [0m] Started irqbalance daemon.
         Starting Login Service...
         Starting LXD - container startup/shutdown...
         Starting OpenBSD Secure Shell server...
         Starting vboxadd.service...
         Starting LSB: Record successful boot for GRUB...
[[0;32m  OK  [0m] Started FUSE filesystem for LXC.
         Starting Accounts Service...
         Starting Snap Daemon...
[[0;32m  OK  [0m] Started System Logging Service.
[[0;1;31mFAILED[0m] Failed to mount /vagrant.
See 'systemctl status vagrant.mount' for details.
[[0;1;33mDEPEND[0m] Dependency failed for Remote File Systems.
         Starting Permit User Sessions...
         Starting LSB: automatic crash report generation...
[[0;32m  OK  [0m] Started Permit User Sessions.
         Starting Hold until boot process finishes up...
         Starting Terminate Plymouth Boot Screen...
[[0;32m  OK  [0m] Started Hold until boot process finishes up.
         Starting Set console scheme...
[[0;32m  OK  [0m] Started Serial Getty on ttyS0.
[[0;32m  OK  [0m] Started Terminate Plymouth Boot Screen.
[[0;32m  OK  [0m] Started Login Service.
[[0;32m  OK  [0m] Started Unattended Upgrades Shutdown.
[[0;32m  OK  [0m] Started Set console scheme.
[[0;32m  OK  [0m] Created slice system-getty.slice.
[[0;32m  OK  [0m] Started Getty on tty1.
[[0;32m  OK  [0m] Reached target Login Prompts.
[[0;32m  OK  [0m] Started Dispatcher daemon for systemd-networkd.
[[0;32m  OK  [0m] Started LSB: automatic crash report generation.
[[0;32m  OK  [0m] Started LSB: Record successful boot for GRUB.
         Starting Authorization Manager...
[[0;32m  OK  [0m] Started Authorization Manager.
[[0;32m  OK  [0m] Started Accounts Service.
[[0;32m  OK  [0m] Started OpenBSD Secure Shell server.

Ubuntu 18.04.6 LTS docker ttyS0

docker login: [   31.167229] cloud-init[1555]: Cloud-init v. 21.3-1-g6803368d-0ubuntu1~18.04.4 running 'modules:config' at Fri, 19 Nov 2021 15:10:28 +0000. Up 30.86 seconds.
[   43.161191] cloud-init[2463]: Cloud-init v. 21.3-1-g6803368d-0ubuntu1~18.04.4 running 'modules:final' at Fri, 19 Nov 2021 15:10:40 +0000. Up 43.05 seconds.
[   43.161274] cloud-init[2463]: Cloud-init v. 21.3-1-g6803368d-0ubuntu1~18.04.4 finished at Fri, 19 Nov 2021 15:10:41 +0000. Datasource DataSourceNoCloud [seed=/dev/sdb][dsmode=net].  Up 43.15 seconds
